
CommandNotFoundError: Your shell has not been properly configured to use 'conda activate'.
To initialize your shell, run

    $ conda init <SHELL_NAME>

Currently supported shells are:
  - bash
  - fish
  - tcsh
  - xonsh
  - zsh
  - powershell

See 'conda init --help' for more information and options.

IMPORTANT: You may need to close and restart your shell after running 'conda init'.


YOLOv5  torch 1.7.1 CUDA:0 (Tesla V100-PCIE-32GB, 32510.5MB)
                    CUDA:1 (Tesla V100-PCIE-32GB, 32510.5MB)

Namespace(adam=True, batch_size=64, bucket='', cache_images=False, cfg='/lfs/usrhome/btech/ed16b016/scratch/project/yolo/yolov5/models/yolov5x_2.yaml', data='/lfs/usrhome/btech/ed16b016/scratch/project/yolo/yolov5/data/vinbig_2.yaml', device='', entity=None, epochs=200, evolve=False, exist_ok=False, global_rank=-1, hyp='/lfs/usrhome/btech/ed16b016/scratch/project/yolo/yolov5/data/hyp.scratch.yaml', image_weights=False, img_size=[512, 512], linear_lr=False, local_rank=-1, log_artifacts=False, log_imgs=16, multi_scale=False, name='exp', noautoanchor=False, nosave=False, notest=False, project='runs/train', quad=False, rect=False, resume=False, save_dir='runs/train/exp27', single_cls=False, sync_bn=False, total_batch_size=64, weights='/lfs/usrhome/btech/ed16b016/scratch/project/yolo/yolov5x6.pt', workers=8, world_size=1)
[34m[1mwandb: [0mInstall Weights & Biases for YOLOv5 logging with 'pip install wandb' (recommended)
Start Tensorboard with "tensorboard --logdir runs/train", view at http://localhost:6006/
[34m[1mhyperparameters: [0mlr0=0.01, lrf=0.2, momentum=0.937, weight_decay=0.0005, warmup_epochs=3.0, warmup_momentum=0.8, warmup_bias_lr=0.1, box=0.05, cls=0.5, cls_pw=1.0, obj=1.0, obj_pw=1.0, iou_t=0.2, anchor_t=4.0, fl_gamma=0.0, hsv_h=0.015, hsv_s=0.7, hsv_v=0.4, degrees=0.0, translate=0.1, scale=0.5, shear=0.0, perspective=0.0, flipud=0.0, fliplr=0.5, mosaic=1.0, mixup=0.0
Traceback (most recent call last):
  File "/lfs/usrhome/btech/ed16b016/scratch/project/yolo/yolov5/train_30.py", line 56, in train
    yaml.dump(hyp, f, sort_keys=False)
  File "/lfs/usrhome/btech/ed16b016/.conda/envs/ganu/lib/python3.7/site-packages/yaml/__init__.py", line 290, in dump
    return dump_all([data], stream, Dumper=Dumper, **kwds)
  File "/lfs/usrhome/btech/ed16b016/.conda/envs/ganu/lib/python3.7/site-packages/yaml/__init__.py", line 278, in dump_all
    dumper.represent(data)
  File "/lfs/usrhome/btech/ed16b016/.conda/envs/ganu/lib/python3.7/site-packages/yaml/representer.py", line 28, in represent
    self.serialize(node)
  File "/lfs/usrhome/btech/ed16b016/.conda/envs/ganu/lib/python3.7/site-packages/yaml/serializer.py", line 55, in serialize
    self.emit(DocumentEndEvent(explicit=self.use_explicit_end))
  File "/lfs/usrhome/btech/ed16b016/.conda/envs/ganu/lib/python3.7/site-packages/yaml/emitter.py", line 115, in emit
    self.state()
  File "/lfs/usrhome/btech/ed16b016/.conda/envs/ganu/lib/python3.7/site-packages/yaml/emitter.py", line 220, in expect_document_end
    self.flush_stream()
  File "/lfs/usrhome/btech/ed16b016/.conda/envs/ganu/lib/python3.7/site-packages/yaml/emitter.py", line 790, in flush_stream
    self.stream.flush()
OSError: [Errno 122] Disk quota exceeded

During handling of the above exception, another exception occurred:

OSError: [Errno 122] Disk quota exceeded

During handling of the above exception, another exception occurred:

Traceback (most recent call last):
  File "/lfs/usrhome/btech/ed16b016/scratch/project/yolo/yolov5/train_30.py", line 533, in <module>
    train(hyp, opt, device, tb_writer, wandb)
  File "/lfs/usrhome/btech/ed16b016/scratch/project/yolo/yolov5/train_30.py", line 56, in train
    yaml.dump(hyp, f, sort_keys=False)
OSError: [Errno 122] Disk quota exceeded

CommandNotFoundError: Your shell has not been properly configured to use 'conda deactivate'.
To initialize your shell, run

    $ conda init <SHELL_NAME>

Currently supported shells are:
  - bash
  - fish
  - tcsh
  - xonsh
  - zsh
  - powershell

See 'conda init --help' for more information and options.

IMPORTANT: You may need to close and restart your shell after running 'conda init'.


